<?xml version="1.0" encoding="UTF-8"?>
<testng-results skipped="0" failed="0" ignored="0" total="2" passed="2">
  <reporter-output>
  </reporter-output>
  <suite name="Default suite" duration-ms="17240" started-at="2019-11-23T18:54:58Z" finished-at="2019-11-23T18:55:15Z">
    <groups>
    </groups>
    <test name="Default test" duration-ms="17240" started-at="2019-11-23T18:54:58Z" finished-at="2019-11-23T18:55:15Z">
      <class name="test.Login_TechFios">
        <test-method status="PASS" signature="Launch()[pri:0, instance:test.Login_TechFios@a38d7a3]" name="Launch" is-config="true" duration-ms="6559" started-at="2019-11-23T18:54:58Z" finished-at="2019-11-23T18:55:04Z">
          <reporter-output>
          </reporter-output>
        </test-method> <!-- Launch -->
        <test-method status="PASS" signature="userShouldBeAbleToLogin()[pri:1, instance:test.Login_TechFios@a38d7a3]" name="userShouldBeAbleToLogin" duration-ms="7915" started-at="2019-11-23T18:55:04Z" finished-at="2019-11-23T18:55:12Z">
          <reporter-output>
          </reporter-output>
        </test-method> <!-- userShouldBeAbleToLogin -->
        <test-method status="PASS" signature="InvalidLogin()[pri:2, instance:test.Login_TechFios@a38d7a3]" name="InvalidLogin" duration-ms="1768" started-at="2019-11-23T18:55:12Z" finished-at="2019-11-23T18:55:14Z">
          <reporter-output>
          </reporter-output>
        </test-method> <!-- InvalidLogin -->
        <test-method status="PASS" signature="close()[pri:0, instance:test.Login_TechFios@a38d7a3]" name="close" is-config="true" duration-ms="984" started-at="2019-11-23T18:55:14Z" finished-at="2019-11-23T18:55:15Z">
          <reporter-output>
          </reporter-output>
        </test-method> <!-- close -->
      </class> <!-- test.Login_TechFios -->
    </test> <!-- Default test -->
  </suite> <!-- Default suite -->
</testng-results>
